address FNSRegistry (tx:0x5BE3c31449306e15B6bc29065Efc4CdCa47C10C8)...
address OwnedResolver (tx:0x284c983E11d332603d54a4c6316aCa6E170E132B)...
address BaseRegistrar (tx:0xfC3907ef6b1a390807ec10f555A4195A94675e19)...
Metadata address: 0xE28De42C96084d1cB8fD18188a305f32a01F6939
Wrapper address: 0x64dCf0c5FC5F0F723232d98b5AA7290726330171
address PublicResolver (tx:0xD65713741BC5b693C6C1bB7Af558B9be5d2e7E7F)...
address oracle (tx:0x50ed83510eB11dC7090CEf449fDBd291DBEb8a85)...
address FTMRegistrarController (tx:0x76c6cc0df9EE4b67572C3e1b86ae7B933f05c741)...
address BaseRegistrar (set controller..
address BulkRenewal (tx:0x9d8cea56a1FDE203E5358CDa92540138D3Fadad5)...
Fixing interface...
address FIFSRegistrar(TEST) (tx:0x6b85b0D2F1952B5CcDeb18DA24BA7fE167d33246)...
address ReverseRegistrar (tx:0xe5D2cB0C6088a73445f9aE6290E0fFc116FCF095)...
address RSASHA1Algorithm (tx:0x85A2bAA0E770f75Fd4fF43b3AE550c2862Ae039A)...
address RSASHA256Algorithm (tx:0x184c5c996F765F57989B62af5FBE0fC96C3AaA9e)...
address P256SHA256Algorithm (tx:0x145D32E5645f29e19bF890d4D98A41D32De123F3)...
address SHA1Digest (tx:0x376Ae57136Fef4ff685D4311402ABc28fa18e02B)...
address SHA256Digest (tx:0xE377979db37Dfd73bAC6c6a202D1d4F6ed5a62Db)...
address SHA1NSEC3Digest (tx:0xA0F5ba6cFB9bb2Dfcfbc2a0500783aa829af61Dd)...
address DNSSECImpl (tx:0x531c6c9f8b441919eDF5293f05009a580dC036FF)...
Waiting on 7 transactions setting DNSSEC parameters
Done on 7 transactions setting DNSSEC parameters
address TLDPublicSuffixList (tx:0x455E644d7D0FFf87b157042584D598a19E86dF3E)...
address DNSRegistrar (tx:0x50BF47646280fc160a949f442dC1F41Fb236172A)...
Set Tld 0x5BE3c31449306e15B6bc29065Efc4CdCa47C10C8

old
//address oracle (tx:0x50ed83510eB11dC7090CEf449fDBd291DBEb8a85)...
address FTMRegistrarController (tx:0x76c6cc0df9EE4b67572C3e1b86ae7B933f05c741)...
new orcle 
address oracle (tx:0xE24Ed924EC3ba6cf99223BAA529Ff3f123106879)...


address FNSRegistry (tx:0xd60C33F219327466Cd7d3847D10ac91166B46CaA)...
address OwnedResolver (tx:0xbBFb2e0Da04279FB6423Bda85631DEE697c07cF0)...
address BaseRegistrar (tx:0x64EfCC66bFB2D15EfF3af0d6f6583fF77c78BF90)...
Metadata address: 0x0538425d8eF7dd3b8c87B4dD7F98EB0e36368E56
Wrapper address: 0x28C3793dEC49a81C7337e5d28d87712989aCEAfe
address PublicResolver (tx:0xd6A7fE4e073Ff37c6F29880324150A607cf7aC41)...
address oracle (tx:0x029c568894895E8496439E880ffdAb4D932D6E2E)...
address FTMRegistrarController (tx:0x5f3b451333b41aFBB1b9C254cC604945Cc3634b9)...
address BaseRegistrar (set controller..
address BulkRenewal (tx:0xD4eED70E3C105C43d9D3151C33c2dB2Cb98a2594)...
address HashRegistrar (tx:0x098a3055d91FCfEe5Dd6F7b07E82F31A694De363)...
Fixing interface...
address FIFSRegistrar(TEST) (tx:0x1AFB8364d697C59109496a929CF17F11Bf63DF4f)...
address ReverseRegistrar (tx:0x2945106D4abA70Eed4ff2e9BCee708d9d72EF59c)...
address RSASHA1Algorithm (tx:0x068fDbaED3ff6cDeC0062E4245e556a172e6477e)...
address RSASHA256Algorithm (tx:0x7FBa02A129a9869ec6F74FB11a324c024ed2dB9E)...
address P256SHA256Algorithm (tx:0x602A32382D32B1d0EEaA89341365997AFaf21340)...
address SHA1Digest (tx:0x4c8d4559f93e0715Ebc412a0c57C72a181354636)...
address SHA256Digest (tx:0xE5D5ADf57CAE0a7542114B360db4D13c4230f679)...
address SHA1NSEC3Digest (tx:0x17902C0DE498092Cf795192cCc6EE320Ce6f866a)...
address DNSSECImpl (tx:0x9571725A915169474d4F1E7C4632070f487A6Fb8)...
Waiting on 7 transactions setting DNSSEC parameters
Done on 7 transactions setting DNSSEC parameters
address TLDPublicSuffixList (tx:0x27941f806736dC63372f701147D94E7049bC9995)...
address DNSRegistrar (tx:0x83eB215Dd91d61036540773340a2Da22a1274D7b)...
Set Tld 0xd60C33F219327466Cd7d3847D10ac91166B46CaA


address FNSRegistry (tx:0xeBE6D5b9B13a9D91f67976E27Fc7eeF5B80E500B)...
address OwnedResolver (tx:0x26000172862603602C06f7157aFD669B3668c575)...
address BaseRegistrar (tx:0xB44A1bb09A67550d345ffc399312D3B7D4806689)...
Metadata address: 0xd5ccb321a2a3aeC26EAa5137708d8eD29093216b
Wrapper address: 0x573C60D15cEdDABd66A1D13843C84e988aB1b97E
address PublicResolver (tx:0x3fD7Ff8662f088369140D1C99f2b90E79f23DAAb)...
address oracle (tx:0xc6932cBE0fFbA6e07987762A988534501536935c)...
address FTMRegistrarController (tx:0x8e6710E5A69eCD73895F89d62382CE0cd66046Bf)...
address BaseRegistrar (set controller..
address BulkRenewal (tx:0x744DD308d5b07d5d96908F33dC7f3364C1A9F7D0)...
address HashRegistrar (tx:0x63801794465aEE915218aB91bD53ec4e332129EA)...
Fixing interface...
address FIFSRegistrar(TEST) (tx:0x2B2EB9a569483a080384d49203E2AA9B3EBaB9A1)...
address ReverseRegistrar (tx:0xdCA72572e410763cE59CddFE3d2fA0A9e9e75C31)...
address RSASHA1Algorithm (tx:0xe9d8c9F453886dEeA201D3A97Ef2dD8de817DC0b)...
address RSASHA256Algorithm (tx:0x5310f6E75240EEbDB8B96e28748FcaF79e36685B)...
address P256SHA256Algorithm (tx:0x9F919c9D117f609D6De1E7cb9d43fc96117c0e39)...
address SHA1Digest (tx:0x90170BD4cc5fD8A479170a6f98f4C405dae2E1a4)...
address SHA256Digest (tx:0x709Fb237E57CFB9Cf68bB0883e39b03E3C7F94Bd)...
address SHA1NSEC3Digest (tx:0xeD0dC58C7b6CCeE102eA92AAD64D74abf2bD6f44)...
address DNSSECImpl (tx:0x3B39998b516f415212baAD064A62767d462Ecc04)...
Waiting on 7 transactions setting DNSSEC parameters
Done on 7 transactions setting DNSSEC parameters
address TLDPublicSuffixList (tx:0xDB23E27543502aB453aaB8239fC2bEB3126996f4)...
address DNSRegistrar (tx:0xA6E98c9Ac57556711659CA90138155a531108fc5)...
Set Tld 0xeBE6D5b9B13a9D91f67976E27Fc7eeF5B80E500B